2024-09-24 00:22:35,393 - INFO - Loading dataset: breast_cancer
2024-09-24 00:22:35,719 - INFO - Iteration 1
/home/groups/donoho/apratimdey/miniforge3/envs/matrixrecovery/lib/python3.10/site-packages/sklearn/linear_model/_logistic.py:469: ConvergenceWarning: lbfgs failed to converge (status=1):
STOP: TOTAL NO. of ITERATIONS REACHED LIMIT.

Increase the number of iterations (max_iter) or scale the data as shown in:
    https://scikit-learn.org/stable/modules/preprocessing.html
Please also refer to the documentation for alternative solver options:
    https://scikit-learn.org/stable/modules/linear_model.html#logistic-regression
  n_iter_i = _check_optimize_result(
2024-09-24 00:22:36,764 - INFO - Train Loss: 0.029448879729970113, Train Accuracy: 0.9949748743718593
2024-09-24 00:22:36,764 - INFO - Test Loss: 0.10192663800764927, Test Accuracy: 0.9649122807017544
2024-09-24 00:22:36,764 - INFO - Iteration 2
2024-09-24 00:22:37,335 - INFO - Train Loss: 1.654807845299073e-07, Train Accuracy: 1.0
2024-09-24 00:22:37,336 - INFO - Test Loss: 1.4754711913673697, Test Accuracy: 0.9590643274853801
2024-09-24 00:22:37,336 - INFO - Iteration 3
2024-09-24 00:22:37,910 - INFO - Train Loss: 1.654807845299073e-07, Train Accuracy: 1.0
2024-09-24 00:22:37,911 - INFO - Test Loss: 1.4754711913673697, Test Accuracy: 0.9590643274853801
2024-09-24 00:22:37,912 - INFO - Iteration 4
2024-09-24 00:22:38,486 - INFO - Train Loss: 1.654807845299073e-07, Train Accuracy: 1.0
2024-09-24 00:22:38,487 - INFO - Test Loss: 1.4754711913673697, Test Accuracy: 0.9590643274853801
2024-09-24 00:22:38,488 - INFO - Iteration 5
2024-09-24 00:22:39,047 - INFO - Train Loss: 1.654807845299073e-07, Train Accuracy: 1.0
2024-09-24 00:22:39,048 - INFO - Test Loss: 1.4754711913673697, Test Accuracy: 0.9590643274853801
2024-09-24 00:22:39,048 - INFO - Iteration 6
2024-09-24 00:22:39,620 - INFO - Train Loss: 1.654807845299073e-07, Train Accuracy: 1.0
2024-09-24 00:22:39,620 - INFO - Test Loss: 1.4754711913673697, Test Accuracy: 0.9590643274853801
2024-09-24 00:22:39,620 - INFO - Iteration 7
2024-09-24 00:22:40,184 - INFO - Train Loss: 1.654807845299073e-07, Train Accuracy: 1.0
2024-09-24 00:22:40,184 - INFO - Test Loss: 1.4754711913673697, Test Accuracy: 0.9590643274853801
2024-09-24 00:22:40,185 - INFO - Iteration 8
2024-09-24 00:22:40,747 - INFO - Train Loss: 1.654807845299073e-07, Train Accuracy: 1.0
2024-09-24 00:22:40,748 - INFO - Test Loss: 1.4754711913673697, Test Accuracy: 0.9590643274853801
2024-09-24 00:22:40,748 - INFO - Iteration 9
2024-09-24 00:22:41,308 - INFO - Train Loss: 1.654807845299073e-07, Train Accuracy: 1.0
2024-09-24 00:22:41,308 - INFO - Test Loss: 1.4754711913673697, Test Accuracy: 0.9590643274853801
2024-09-24 00:22:41,308 - INFO - Iteration 10
2024-09-24 00:22:41,870 - INFO - Train Loss: 1.654807845299073e-07, Train Accuracy: 1.0
2024-09-24 00:22:41,871 - INFO - Test Loss: 1.4754711913673697, Test Accuracy: 0.9590643274853801
2024-09-24 00:22:41,871 - INFO - Iteration 11
2024-09-24 00:22:42,435 - INFO - Train Loss: 1.654807845299073e-07, Train Accuracy: 1.0
2024-09-24 00:22:42,435 - INFO - Test Loss: 1.4754711913673697, Test Accuracy: 0.9590643274853801
2024-09-24 00:22:42,436 - INFO - Iteration 12
2024-09-24 00:22:42,991 - INFO - Train Loss: 1.654807845299073e-07, Train Accuracy: 1.0
2024-09-24 00:22:42,991 - INFO - Test Loss: 1.4754711913673697, Test Accuracy: 0.9590643274853801
2024-09-24 00:22:42,991 - INFO - Iteration 13
2024-09-24 00:22:43,553 - INFO - Train Loss: 1.654807845299073e-07, Train Accuracy: 1.0
2024-09-24 00:22:43,554 - INFO - Test Loss: 1.4754711913673697, Test Accuracy: 0.9590643274853801
2024-09-24 00:22:43,554 - INFO - Iteration 14
2024-09-24 00:22:44,116 - INFO - Train Loss: 1.654807845299073e-07, Train Accuracy: 1.0
2024-09-24 00:22:44,117 - INFO - Test Loss: 1.4754711913673697, Test Accuracy: 0.9590643274853801
2024-09-24 00:22:44,118 - INFO - Iteration 15
2024-09-24 00:22:44,680 - INFO - Train Loss: 1.654807845299073e-07, Train Accuracy: 1.0
2024-09-24 00:22:44,680 - INFO - Test Loss: 1.4754711913673697, Test Accuracy: 0.9590643274853801
2024-09-24 00:22:44,680 - INFO - Iteration 16
2024-09-24 00:22:45,234 - INFO - Train Loss: 1.654807845299073e-07, Train Accuracy: 1.0
2024-09-24 00:22:45,235 - INFO - Test Loss: 1.4754711913673697, Test Accuracy: 0.9590643274853801
2024-09-24 00:22:45,235 - INFO - Iteration 17
2024-09-24 00:22:45,801 - INFO - Train Loss: 1.654807845299073e-07, Train Accuracy: 1.0
2024-09-24 00:22:45,802 - INFO - Test Loss: 1.4754711913673697, Test Accuracy: 0.9590643274853801
2024-09-24 00:22:45,802 - INFO - Iteration 18
2024-09-24 00:22:46,379 - INFO - Train Loss: 1.654807845299073e-07, Train Accuracy: 1.0
2024-09-24 00:22:46,379 - INFO - Test Loss: 1.4754711913673697, Test Accuracy: 0.9590643274853801
2024-09-24 00:22:46,379 - INFO - Iteration 19
2024-09-24 00:22:46,947 - INFO - Train Loss: 1.654807845299073e-07, Train Accuracy: 1.0
2024-09-24 00:22:46,947 - INFO - Test Loss: 1.4754711913673697, Test Accuracy: 0.9590643274853801
2024-09-24 00:22:46,947 - INFO - Iteration 20
2024-09-24 00:22:47,511 - INFO - Train Loss: 1.654807845299073e-07, Train Accuracy: 1.0
2024-09-24 00:22:47,511 - INFO - Test Loss: 1.4754711913673697, Test Accuracy: 0.9590643274853801
2024-09-24 00:22:47,511 - INFO - Iteration 21
2024-09-24 00:22:48,070 - INFO - Train Loss: 1.654807845299073e-07, Train Accuracy: 1.0
2024-09-24 00:22:48,071 - INFO - Test Loss: 1.4754711913673697, Test Accuracy: 0.9590643274853801
2024-09-24 00:22:48,071 - INFO - Iteration 22
2024-09-24 00:22:48,638 - INFO - Train Loss: 1.654807845299073e-07, Train Accuracy: 1.0
2024-09-24 00:22:48,638 - INFO - Test Loss: 1.4754711913673697, Test Accuracy: 0.9590643274853801
2024-09-24 00:22:48,638 - INFO - Iteration 23
2024-09-24 00:22:49,211 - INFO - Train Loss: 1.654807845299073e-07, Train Accuracy: 1.0
2024-09-24 00:22:49,212 - INFO - Test Loss: 1.4754711913673697, Test Accuracy: 0.9590643274853801
2024-09-24 00:22:49,212 - INFO - Iteration 24
2024-09-24 00:22:49,771 - INFO - Train Loss: 1.654807845299073e-07, Train Accuracy: 1.0
2024-09-24 00:22:49,771 - INFO - Test Loss: 1.4754711913673697, Test Accuracy: 0.9590643274853801
2024-09-24 00:22:49,771 - INFO - Iteration 25
2024-09-24 00:22:50,327 - INFO - Train Loss: 1.654807845299073e-07, Train Accuracy: 1.0
2024-09-24 00:22:50,328 - INFO - Test Loss: 1.4754711913673697, Test Accuracy: 0.9590643274853801
2024-09-24 00:22:50,328 - INFO - Iteration 26
2024-09-24 00:22:50,890 - INFO - Train Loss: 1.654807845299073e-07, Train Accuracy: 1.0
2024-09-24 00:22:50,890 - INFO - Test Loss: 1.4754711913673697, Test Accuracy: 0.9590643274853801
2024-09-24 00:22:50,890 - INFO - Iteration 27
2024-09-24 00:22:51,459 - INFO - Train Loss: 1.654807845299073e-07, Train Accuracy: 1.0
2024-09-24 00:22:51,460 - INFO - Test Loss: 1.4754711913673697, Test Accuracy: 0.9590643274853801
2024-09-24 00:22:51,460 - INFO - Iteration 28
2024-09-24 00:22:52,022 - INFO - Train Loss: 1.654807845299073e-07, Train Accuracy: 1.0
2024-09-24 00:22:52,023 - INFO - Test Loss: 1.4754711913673697, Test Accuracy: 0.9590643274853801
2024-09-24 00:22:52,023 - INFO - Iteration 29
2024-09-24 00:22:52,584 - INFO - Train Loss: 1.654807845299073e-07, Train Accuracy: 1.0
2024-09-24 00:22:52,584 - INFO - Test Loss: 1.4754711913673697, Test Accuracy: 0.9590643274853801
2024-09-24 00:22:52,584 - INFO - Iteration 30
2024-09-24 00:22:53,144 - INFO - Train Loss: 1.654807845299073e-07, Train Accuracy: 1.0
2024-09-24 00:22:53,145 - INFO - Test Loss: 1.4754711913673697, Test Accuracy: 0.9590643274853801
2024-09-24 00:22:53,145 - INFO - Iteration 31
2024-09-24 00:22:53,706 - INFO - Train Loss: 1.654807845299073e-07, Train Accuracy: 1.0
2024-09-24 00:22:53,706 - INFO - Test Loss: 1.4754711913673697, Test Accuracy: 0.9590643274853801
2024-09-24 00:22:53,707 - INFO - Iteration 32
2024-09-24 00:22:54,269 - INFO - Train Loss: 1.654807845299073e-07, Train Accuracy: 1.0
2024-09-24 00:22:54,269 - INFO - Test Loss: 1.4754711913673697, Test Accuracy: 0.9590643274853801
2024-09-24 00:22:54,269 - INFO - Iteration 33
2024-09-24 00:22:54,837 - INFO - Train Loss: 1.654807845299073e-07, Train Accuracy: 1.0
2024-09-24 00:22:54,837 - INFO - Test Loss: 1.4754711913673697, Test Accuracy: 0.9590643274853801
2024-09-24 00:22:54,837 - INFO - Iteration 34
2024-09-24 00:22:55,406 - INFO - Train Loss: 1.654807845299073e-07, Train Accuracy: 1.0
2024-09-24 00:22:55,407 - INFO - Test Loss: 1.4754711913673697, Test Accuracy: 0.9590643274853801
2024-09-24 00:22:55,407 - INFO - Iteration 35
2024-09-24 00:22:55,982 - INFO - Train Loss: 1.654807845299073e-07, Train Accuracy: 1.0
2024-09-24 00:22:55,982 - INFO - Test Loss: 1.4754711913673697, Test Accuracy: 0.9590643274853801
2024-09-24 00:22:55,982 - INFO - Iteration 36
2024-09-24 00:22:56,556 - INFO - Train Loss: 1.654807845299073e-07, Train Accuracy: 1.0
2024-09-24 00:22:56,556 - INFO - Test Loss: 1.4754711913673697, Test Accuracy: 0.9590643274853801
2024-09-24 00:22:56,556 - INFO - Iteration 37
2024-09-24 00:22:57,132 - INFO - Train Loss: 1.654807845299073e-07, Train Accuracy: 1.0
2024-09-24 00:22:57,132 - INFO - Test Loss: 1.4754711913673697, Test Accuracy: 0.9590643274853801
2024-09-24 00:22:57,132 - INFO - Iteration 38
2024-09-24 00:22:57,699 - INFO - Train Loss: 1.654807845299073e-07, Train Accuracy: 1.0
2024-09-24 00:22:57,699 - INFO - Test Loss: 1.4754711913673697, Test Accuracy: 0.9590643274853801
2024-09-24 00:22:57,699 - INFO - Iteration 39
2024-09-24 00:22:58,268 - INFO - Train Loss: 1.654807845299073e-07, Train Accuracy: 1.0
2024-09-24 00:22:58,268 - INFO - Test Loss: 1.4754711913673697, Test Accuracy: 0.9590643274853801
2024-09-24 00:22:58,268 - INFO - Iteration 40
2024-09-24 00:22:58,844 - INFO - Train Loss: 1.654807845299073e-07, Train Accuracy: 1.0
2024-09-24 00:22:58,845 - INFO - Test Loss: 1.4754711913673697, Test Accuracy: 0.9590643274853801
2024-09-24 00:22:58,845 - INFO - Iteration 41
2024-09-24 00:22:59,404 - INFO - Train Loss: 1.654807845299073e-07, Train Accuracy: 1.0
2024-09-24 00:22:59,404 - INFO - Test Loss: 1.4754711913673697, Test Accuracy: 0.9590643274853801
2024-09-24 00:22:59,404 - INFO - Iteration 42
2024-09-24 00:22:59,974 - INFO - Train Loss: 1.654807845299073e-07, Train Accuracy: 1.0
2024-09-24 00:22:59,974 - INFO - Test Loss: 1.4754711913673697, Test Accuracy: 0.9590643274853801
2024-09-24 00:22:59,975 - INFO - Iteration 43
2024-09-24 00:23:00,534 - INFO - Train Loss: 1.654807845299073e-07, Train Accuracy: 1.0
2024-09-24 00:23:00,534 - INFO - Test Loss: 1.4754711913673697, Test Accuracy: 0.9590643274853801
2024-09-24 00:23:00,534 - INFO - Iteration 44
2024-09-24 00:23:01,097 - INFO - Train Loss: 1.654807845299073e-07, Train Accuracy: 1.0
2024-09-24 00:23:01,098 - INFO - Test Loss: 1.4754711913673697, Test Accuracy: 0.9590643274853801
2024-09-24 00:23:01,098 - INFO - Iteration 45
2024-09-24 00:23:01,668 - INFO - Train Loss: 1.654807845299073e-07, Train Accuracy: 1.0
2024-09-24 00:23:01,669 - INFO - Test Loss: 1.4754711913673697, Test Accuracy: 0.9590643274853801
2024-09-24 00:23:01,669 - INFO - Iteration 46
2024-09-24 00:23:02,240 - INFO - Train Loss: 1.654807845299073e-07, Train Accuracy: 1.0
2024-09-24 00:23:02,240 - INFO - Test Loss: 1.4754711913673697, Test Accuracy: 0.9590643274853801
2024-09-24 00:23:02,240 - INFO - Iteration 47
2024-09-24 00:23:02,794 - INFO - Train Loss: 1.654807845299073e-07, Train Accuracy: 1.0
2024-09-24 00:23:02,795 - INFO - Test Loss: 1.4754711913673697, Test Accuracy: 0.9590643274853801
2024-09-24 00:23:02,795 - INFO - Iteration 48
2024-09-24 00:23:03,351 - INFO - Train Loss: 1.654807845299073e-07, Train Accuracy: 1.0
2024-09-24 00:23:03,351 - INFO - Test Loss: 1.4754711913673697, Test Accuracy: 0.9590643274853801
2024-09-24 00:23:03,351 - INFO - Iteration 49
2024-09-24 00:23:03,909 - INFO - Train Loss: 1.654807845299073e-07, Train Accuracy: 1.0
2024-09-24 00:23:03,909 - INFO - Test Loss: 1.4754711913673697, Test Accuracy: 0.9590643274853801
2024-09-24 00:23:03,910 - INFO - Iteration 50
2024-09-24 00:23:04,469 - INFO - Train Loss: 1.654807845299073e-07, Train Accuracy: 1.0
2024-09-24 00:23:04,469 - INFO - Test Loss: 1.4754711913673697, Test Accuracy: 0.9590643274853801
